<?xml version="1.0" ?>
<!DOCTYPE coverage SYSTEM "http://cobertura.sourceforge.net/xml/coverage-04.dtd">
<coverage lines-valid="384" lines-covered="175" line-rate="0.4557" branches-valid="340" branches-covered="108" branch-rate="0.3176" timestamp="1776134054676" complexity="0" version="0.1">
  <sources>
    <source>C:\_github_repos\neo-web</source>
  </sources>
  <packages>
    <package name="components.tagAnalyzer" line-rate="0.3703" branch-rate="0.3181">
      <classes>
        <class name="TagAnalyzerUtilCaller.ts" filename="src\components\tagAnalyzer\TagAnalyzerUtilCaller.ts" line-rate="0" branch-rate="1">
          <methods>
            <method name="callTagAnalyzerBgnEndTimeRange" hits="0" signature="()V">
              <lines>
                <line number="27" hits="0"/>
              </lines>
            </method>
            <method name="callTagAnalyzerMinMaxTable" hits="0" signature="()V">
              <lines>
                <line number="46" hits="0"/>
              </lines>
            </method>
          </methods>
          <lines>
            <line number="32" hits="0" branch="false"/>
            <line number="37" hits="0" branch="false"/>
            <line number="50" hits="0" branch="false"/>
          </lines>
        </class>
        <class name="TagAnalyzerUtils.ts" filename="src\components\tagAnalyzer\TagAnalyzerUtils.ts" line-rate="0.3846" branch-rate="0.3181">
          <methods>
            <method name="(anonymous_0)" hits="7" signature="()V">
              <lines>
                <line number="24" hits="7"/>
              </lines>
            </method>
            <method name="(anonymous_1)" hits="0" signature="()V">
              <lines>
                <line number="62" hits="0"/>
              </lines>
            </method>
            <method name="(anonymous_2)" hits="0" signature="()V">
              <lines>
                <line number="69" hits="0"/>
              </lines>
            </method>
            <method name="(anonymous_3)" hits="0" signature="()V">
              <lines>
                <line number="76" hits="0"/>
              </lines>
            </method>
            <method name="(anonymous_4)" hits="0" signature="()V">
              <lines>
                <line number="83" hits="0"/>
              </lines>
            </method>
            <method name="(anonymous_5)" hits="0" signature="()V">
              <lines>
                <line number="90" hits="0"/>
              </lines>
            </method>
            <method name="(anonymous_6)" hits="0" signature="()V">
              <lines>
                <line number="97" hits="0"/>
              </lines>
            </method>
            <method name="(anonymous_7)" hits="0" signature="()V">
              <lines>
                <line number="104" hits="0"/>
              </lines>
            </method>
            <method name="(anonymous_8)" hits="0" signature="()V">
              <lines>
                <line number="111" hits="0"/>
              </lines>
            </method>
            <method name="(anonymous_9)" hits="0" signature="()V">
              <lines>
                <line number="118" hits="0"/>
              </lines>
            </method>
            <method name="(anonymous_10)" hits="0" signature="()V">
              <lines>
                <line number="125" hits="0"/>
              </lines>
            </method>
            <method name="(anonymous_11)" hits="0" signature="()V">
              <lines>
                <line number="132" hits="0"/>
              </lines>
            </method>
            <method name="(anonymous_12)" hits="0" signature="()V">
              <lines>
                <line number="139" hits="0"/>
              </lines>
            </method>
            <method name="(anonymous_13)" hits="0" signature="()V">
              <lines>
                <line number="146" hits="0"/>
              </lines>
            </method>
            <method name="(anonymous_14)" hits="0" signature="()V">
              <lines>
                <line number="153" hits="0"/>
              </lines>
            </method>
            <method name="(anonymous_15)" hits="1" signature="()V">
              <lines>
                <line number="160" hits="1"/>
              </lines>
            </method>
            <method name="(anonymous_16)" hits="0" signature="()V">
              <lines>
                <line number="167" hits="0"/>
              </lines>
            </method>
            <method name="(anonymous_17)" hits="0" signature="()V">
              <lines>
                <line number="174" hits="0"/>
              </lines>
            </method>
            <method name="convertIntervalUnit" hits="5" signature="()V">
              <lines>
                <line number="186" hits="5"/>
              </lines>
            </method>
            <method name="getIntervalMs" hits="4" signature="()V">
              <lines>
                <line number="207" hits="4"/>
              </lines>
            </method>
            <method name="calculateInterval" hits="1" signature="()V">
              <lines>
                <line number="233" hits="1"/>
              </lines>
            </method>
            <method name="checkTableUser" hits="7" signature="()V">
              <lines>
                <line number="261" hits="7"/>
              </lines>
            </method>
            <method name="getDurationInString" hits="0" signature="()V">
              <lines>
                <line number="273" hits="0"/>
              </lines>
            </method>
            <method name="computeSeriesCalcList" hits="0" signature="()V">
              <lines>
                <line number="290" hits="0"/>
              </lines>
            </method>
            <method name="(anonymous_24)" hits="0" signature="()V">
              <lines>
                <line number="297" hits="0"/>
              </lines>
            </method>
            <method name="(anonymous_25)" hits="0" signature="()V">
              <lines>
                <line number="299" hits="0"/>
              </lines>
            </method>
            <method name="(anonymous_26)" hits="0" signature="()V">
              <lines>
                <line number="300" hits="0"/>
              </lines>
            </method>
            <method name="(anonymous_27)" hits="0" signature="()V">
              <lines>
                <line number="303" hits="0"/>
              </lines>
            </method>
            <method name="calculateSampleCount" hits="4" signature="()V">
              <lines>
                <line number="327" hits="4"/>
              </lines>
            </method>
            <method name="buildQuickSelectRows" hits="0" signature="()V">
              <lines>
                <line number="359" hits="0"/>
              </lines>
            </method>
            <method name="(anonymous_30)" hits="0" signature="()V">
              <lines>
                <line number="360" hits="0"/>
              </lines>
            </method>
            <method name="resolveInterval" hits="1" signature="()V">
              <lines>
                <line number="371" hits="1"/>
              </lines>
            </method>
            <method name="(anonymous_32)" hits="15" signature="()V">
              <lines>
                <line number="372" hits="15"/>
              </lines>
            </method>
            <method name="formatDurationPart" hits="0" signature="()V">
              <lines>
                <line number="389" hits="0"/>
              </lines>
            </method>
            <method name="toChartPoints" hits="0" signature="()V">
              <lines>
                <line number="398" hits="0"/>
              </lines>
            </method>
            <method name="(anonymous_35)" hits="0" signature="()V">
              <lines>
                <line number="402" hits="0"/>
              </lines>
            </method>
          </methods>
          <lines>
            <line number="13" hits="1" branch="false"/>
            <line number="23" hits="1" branch="false"/>
            <line number="24" hits="7" branch="false"/>
            <line number="59" hits="1" branch="false"/>
            <line number="62" hits="0" branch="false"/>
            <line number="69" hits="0" branch="false"/>
            <line number="76" hits="0" branch="false"/>
            <line number="83" hits="0" branch="false"/>
            <line number="90" hits="0" branch="false"/>
            <line number="97" hits="0" branch="false"/>
            <line number="104" hits="0" branch="false"/>
            <line number="111" hits="0" branch="false"/>
            <line number="118" hits="0" branch="false"/>
            <line number="125" hits="0" branch="false"/>
            <line number="132" hits="0" branch="false"/>
            <line number="139" hits="0" branch="false"/>
            <line number="146" hits="0" branch="false"/>
            <line number="153" hits="0" branch="false"/>
            <line number="160" hits="1" branch="false"/>
            <line number="167" hits="0" branch="false"/>
            <line number="174" hits="0" branch="false"/>
            <line number="187" hits="5" branch="true" condition-coverage="20% (1/5)"/>
            <line number="189" hits="0" branch="false"/>
            <line number="191" hits="0" branch="false"/>
            <line number="193" hits="0" branch="false"/>
            <line number="195" hits="0" branch="false"/>
            <line number="197" hits="5" branch="false"/>
            <line number="208" hits="4" branch="true" condition-coverage="20% (1/5)"/>
            <line number="210" hits="4" branch="false"/>
            <line number="212" hits="0" branch="false"/>
            <line number="214" hits="0" branch="false"/>
            <line number="216" hits="0" branch="false"/>
            <line number="218" hits="0" branch="false"/>
            <line number="242" hits="1" branch="false"/>
            <line number="243" hits="1" branch="false"/>
            <line number="244" hits="1" branch="true" condition-coverage="50% (2/4)"/>
            <line number="245" hits="1" branch="false"/>
            <line number="246" hits="1" branch="false"/>
            <line number="247" hits="1" branch="true" condition-coverage="50% (1/2)"/>
            <line number="249" hits="1" branch="false"/>
            <line number="262" hits="7" branch="false"/>
            <line number="263" hits="7" branch="true" condition-coverage="50% (1/2)"/>
            <line number="264" hits="7" branch="false"/>
            <line number="274" hits="0" branch="false"/>
            <line number="275" hits="0" branch="false"/>
            <line number="276" hits="0" branch="false"/>
            <line number="296" hits="0" branch="false"/>
            <line number="297" hits="0" branch="false"/>
            <line number="298" hits="0" branch="false"/>
            <line number="299" hits="0" branch="true" condition-coverage="0% (0/2)"/>
            <line number="300" hits="0" branch="false"/>
            <line number="302" hits="0" branch="true" condition-coverage="0% (0/2)"/>
            <line number="303" hits="0" branch="false"/>
            <line number="304" hits="0" branch="false"/>
            <line number="314" hits="0" branch="false"/>
            <line number="335" hits="4" branch="false"/>
            <line number="336" hits="4" branch="true" condition-coverage="50% (1/2)"/>
            <line number="337" hits="4" branch="true" condition-coverage="100% (4/4)"/>
            <line number="338" hits="1" branch="true" condition-coverage="50% (1/2)"/>
            <line number="339" hits="1" branch="false"/>
            <line number="341" hits="0" branch="false"/>
            <line number="344" hits="3" branch="true" condition-coverage="50% (1/2)"/>
            <line number="345" hits="3" branch="false"/>
            <line number="347" hits="0" branch="false"/>
            <line number="351" hits="4" branch="false"/>
            <line number="360" hits="0" branch="false"/>
            <line number="372" hits="15" branch="false"/>
            <line number="373" hits="1" branch="true" condition-coverage="50% (1/2)"/>
            <line number="374" hits="1" branch="false"/>
            <line number="377" hits="0" branch="false"/>
            <line number="390" hits="0" branch="true" condition-coverage="0% (0/2)"/>
            <line number="399" hits="0" branch="false"/>
            <line number="401" hits="0" branch="true" condition-coverage="0% (0/4)"/>
            <line number="402" hits="0" branch="false"/>
            <line number="403" hits="0" branch="true" condition-coverage="0% (0/2)"/>
            <line number="404" hits="0" branch="false"/>
            <line number="410" hits="0" branch="false"/>
            <line number="414" hits="0" branch="false"/>
          </lines>
        </class>
      </classes>
    </package>
    <package name="components.tagAnalyzer.TestData" line-rate="0.5172" branch-rate="0.4146">
      <classes>
        <class name="PanelTestData.ts" filename="src\components\tagAnalyzer\TestData\PanelTestData.ts" line-rate="0.5172" branch-rate="0.4146">
          <methods>
            <method name="stripUndefinedFields" hits="26" signature="()V">
              <lines>
                <line number="28" hits="26"/>
              </lines>
            </method>
            <method name="(anonymous_1)" hits="57" signature="()V">
              <lines>
                <line number="32" hits="57"/>
              </lines>
            </method>
            <method name="createTagAnalyzerTimeRangeFixture" hits="0" signature="()V">
              <lines>
                <line number="96" hits="0"/>
              </lines>
            </method>
            <method name="createTagAnalyzerSeriesColumnsFixture" hits="10" signature="()V">
              <lines>
                <line number="111" hits="10"/>
              </lines>
            </method>
            <method name="createTagAnalyzerSeriesConfigFixture" hits="10" signature="()V">
              <lines>
                <line number="127" hits="10"/>
              </lines>
            </method>
            <method name="createTagAnalyzerFetchSeriesConfigFixture" hits="1" signature="()V">
              <lines>
                <line number="153" hits="1"/>
              </lines>
            </method>
            <method name="createTagAnalyzerChartSeriesItemFixture" hits="0" signature="()V">
              <lines>
                <line number="174" hits="0"/>
              </lines>
            </method>
            <method name="createTagAnalyzerChartSeriesListFixture" hits="0" signature="()V">
              <lines>
                <line number="195" hits="0"/>
              </lines>
            </method>
            <method name="createTagAnalyzerChartDataFixture" hits="0" signature="()V">
              <lines>
                <line number="204" hits="0"/>
              </lines>
            </method>
            <method name="createTagAnalyzerPanelAxesFixture" hits="1" signature="()V">
              <lines>
                <line number="218" hits="1"/>
              </lines>
            </method>
            <method name="createTagAnalyzerPanelDisplayFixture" hits="0" signature="()V">
              <lines>
                <line number="253" hits="0"/>
              </lines>
            </method>
            <method name="createTagAnalyzerPanelTimeKeeperFixture" hits="1" signature="()V">
              <lines>
                <line number="273" hits="1"/>
              </lines>
            </method>
            <method name="createTagAnalyzerPanelDataFixture" hits="1" signature="()V">
              <lines>
                <line number="288" hits="1"/>
              </lines>
            </method>
            <method name="createTagAnalyzerPanelTimeFixture" hits="1" signature="()V">
              <lines>
                <line number="305" hits="1"/>
              </lines>
            </method>
            <method name="createEmptyTagAnalyzerPanelTimeFixture" hits="0" signature="()V">
              <lines>
                <line number="342" hits="0"/>
              </lines>
            </method>
            <method name="createTagAnalyzerPanelInfoFixture" hits="0" signature="()V">
              <lines>
                <line number="357" hits="0"/>
              </lines>
            </method>
            <method name="createTagAnalyzerBoardSourceInfoFixture" hits="0" signature="()V">
              <lines>
                <line number="414" hits="0"/>
              </lines>
            </method>
            <method name="createTagAnalyzerEditRequestFixture" hits="0" signature="()V">
              <lines>
                <line number="436" hits="0"/>
              </lines>
            </method>
            <method name="createPanelFooterPropsFixture" hits="0" signature="()V">
              <lines>
                <line number="456" hits="0"/>
              </lines>
            </method>
            <method name="createOverlapPanelInfoFixture" hits="0" signature="()V">
              <lines>
                <line number="482" hits="0"/>
              </lines>
            </method>
          </methods>
          <lines>
            <line number="31" hits="26" branch="false"/>
            <line number="32" hits="57" branch="true" condition-coverage="100% (2/2)"/>
            <line number="99" hits="0" branch="false"/>
            <line number="114" hits="10" branch="false"/>
            <line number="130" hits="10" branch="false"/>
            <line number="131" hits="10" branch="true" condition-coverage="100% (2/2)"/>
            <line number="133" hits="10" branch="false"/>
            <line number="156" hits="1" branch="false"/>
            <line number="158" hits="1" branch="false"/>
            <line number="177" hits="0" branch="false"/>
            <line number="196" hits="0" branch="false"/>
            <line number="207" hits="0" branch="false"/>
            <line number="221" hits="1" branch="false"/>
            <line number="256" hits="0" branch="false"/>
            <line number="276" hits="1" branch="false"/>
            <line number="291" hits="1" branch="false"/>
            <line number="314" hits="1" branch="false"/>
            <line number="316" hits="1" branch="true" condition-coverage="100% (2/2)"/>
            <line number="318" hits="1" branch="false"/>
            <line number="323" hits="1" branch="false"/>
            <line number="345" hits="0" branch="false"/>
            <line number="374" hits="0" branch="false"/>
            <line number="376" hits="0" branch="false"/>
            <line number="417" hits="0" branch="false"/>
            <line number="442" hits="0" branch="false"/>
            <line number="444" hits="0" branch="false"/>
            <line number="457" hits="0" branch="false"/>
            <line number="485" hits="0" branch="false"/>
            <line number="487" hits="0" branch="false"/>
          </lines>
        </class>
      </classes>
    </package>
    <package name="components.tagAnalyzer.utils" line-rate="0.6403" branch-rate="0.5068">
      <classes>
        <class name="TagAnalyzerDateUtils.ts" filename="src\components\tagAnalyzer\utils\TagAnalyzerDateUtils.ts" line-rate="0.4" branch-rate="0.3114">
          <methods>
            <method name="isRelativeTimeValue" hits="0" signature="()V">
              <lines>
                <line number="18" hits="0"/>
              </lines>
            </method>
            <method name="isLastRelativeTimeValue" hits="4" signature="()V">
              <lines>
                <line number="27" hits="4"/>
              </lines>
            </method>
            <method name="isNowRelativeTimeValue" hits="0" signature="()V">
              <lines>
                <line number="36" hits="0"/>
              </lines>
            </method>
            <method name="createTagAnalyzerTimeRange" hits="10" signature="()V">
              <lines>
                <line number="52" hits="10"/>
              </lines>
            </method>
            <method name="isSameTimeRange" hits="0" signature="()V">
              <lines>
                <line number="64" hits="0"/>
              </lines>
            </method>
            <method name="normalizeTimeRangeSource" hits="4" signature="()V">
              <lines>
                <line number="73" hits="4"/>
              </lines>
            </method>
            <method name="normalizePanelTimeRangeSource" hits="4" signature="()V">
              <lines>
                <line number="92" hits="4"/>
              </lines>
            </method>
            <method name="normalizeTimeRangeBoundary" hits="2" signature="()V">
              <lines>
                <line number="121" hits="2"/>
              </lines>
            </method>
            <method name="setTimeRange" hits="4" signature="()V">
              <lines>
                <line number="149" hits="4"/>
              </lines>
            </method>
            <method name="convertTimeToFullDate" hits="4" signature="()V">
              <lines>
                <line number="166" hits="4"/>
              </lines>
            </method>
            <method name="buildConcreteTimeRangeSource" hits="0" signature="()V">
              <lines>
                <line number="200" hits="0"/>
              </lines>
            </method>
            <method name="normalizeTimeRangeBoundaryValue" hits="4" signature="()V">
              <lines>
                <line number="223" hits="4"/>
              </lines>
            </method>
            <method name="buildDefaultTimeRange" hits="4" signature="()V">
              <lines>
                <line number="236" hits="4"/>
              </lines>
            </method>
          </methods>
          <lines>
            <line number="19" hits="0" branch="true" condition-coverage="0% (0/2)"/>
            <line number="28" hits="4" branch="true" condition-coverage="50% (1/2)"/>
            <line number="37" hits="0" branch="true" condition-coverage="0% (0/2)"/>
            <line number="53" hits="10" branch="false"/>
            <line number="56" hits="1" branch="false"/>
            <line number="65" hits="0" branch="true" condition-coverage="0% (0/2)"/>
            <line number="76" hits="4" branch="true" condition-coverage="50% (1/2)"/>
            <line number="77" hits="4" branch="false"/>
            <line number="80" hits="0" branch="true" condition-coverage="0% (0/4)"/>
            <line number="81" hits="0" branch="false"/>
            <line number="84" hits="0" branch="false"/>
            <line number="100" hits="4" branch="true" condition-coverage="50% (1/2)"/>
            <line number="109" hits="4" branch="false"/>
            <line number="128" hits="2" branch="false"/>
            <line number="153" hits="4" branch="true" condition-coverage="50% (1/2)"/>
            <line number="154" hits="4" branch="true" condition-coverage="50% (1/2)"/>
            <line number="155" hits="0" branch="false"/>
            <line number="158" hits="4" branch="false"/>
            <line number="167" hits="4" branch="true" condition-coverage="50% (1/2)"/>
            <line number="168" hits="4" branch="true" condition-coverage="50% (1/2)"/>
            <line number="171" hits="0" branch="false"/>
            <line number="172" hits="0" branch="true" condition-coverage="0% (0/2)"/>
            <line number="173" hits="0" branch="false"/>
            <line number="176" hits="0" branch="false"/>
            <line number="177" hits="0" branch="true" condition-coverage="0% (0/2)"/>
            <line number="178" hits="0" branch="false"/>
            <line number="181" hits="0" branch="false"/>
            <line number="182" hits="0" branch="false"/>
            <line number="183" hits="0" branch="true" condition-coverage="0% (0/2)"/>
            <line number="184" hits="0" branch="false"/>
            <line number="187" hits="0" branch="false"/>
            <line number="204" hits="0" branch="true" condition-coverage="0% (0/2)"/>
            <line number="210" hits="0" branch="false"/>
            <line number="213" hits="0" branch="true" condition-coverage="0% (0/4)"/>
            <line number="214" hits="0" branch="false"/>
            <line number="217" hits="0" branch="false"/>
            <line number="224" hits="4" branch="true" condition-coverage="80% (4/5)"/>
            <line number="225" hits="0" branch="false"/>
            <line number="228" hits="4" branch="false"/>
            <line number="237" hits="4" branch="true" condition-coverage="50% (2/4)"/>
          </lines>
        </class>
        <class name="TagAnalyzerFetchUtils.ts" filename="src\components\tagAnalyzer\utils\TagAnalyzerFetchUtils.ts" line-rate="0.8636" branch-rate="0.7534000000000001">
          <methods>
            <method name="(anonymous_0)" hits="0" signature="()V">
              <lines>
                <line number="149" hits="0"/>
              </lines>
            </method>
            <method name="(anonymous_1)" hits="0" signature="()V">
              <lines>
                <line number="167" hits="0"/>
              </lines>
            </method>
            <method name="fetchPanelDatasetsFromRequest" hits="4" signature="()V">
              <lines>
                <line number="183" hits="4"/>
              </lines>
            </method>
            <method name="loadNavigatorChartState" hits="2" signature="()V">
              <lines>
                <line number="217" hits="2"/>
              </lines>
            </method>
            <method name="loadPanelChartState" hits="2" signature="()V">
              <lines>
                <line number="236" hits="2"/>
              </lines>
            </method>
            <method name="fetchPanelDatasets" hits="4" signature="()V">
              <lines>
                <line number="278" hits="4"/>
              </lines>
            </method>
            <method name="fetchSeriesRows" hits="7" signature="()V">
              <lines>
                <line number="363" hits="7"/>
              </lines>
            </method>
            <method name="normalizeChartWidth" hits="0" signature="()V">
              <lines>
                <line number="398" hits="0"/>
              </lines>
            </method>
            <method name="calculatePanelFetchCount" hits="4" signature="()V">
              <lines>
                <line number="415" hits="4"/>
              </lines>
            </method>
            <method name="resolvePanelFetchTimeRange" hits="4" signature="()V">
              <lines>
                <line number="439" hits="4"/>
              </lines>
            </method>
            <method name="resolvePanelFetchInterval" hits="6" signature="()V">
              <lines>
                <line number="465" hits="6"/>
              </lines>
            </method>
            <method name="fetchCalculatedSeriesRows" hits="4" signature="()V">
              <lines>
                <line number="503" hits="4"/>
              </lines>
            </method>
            <method name="fetchRawSeriesRows" hits="3" signature="()V">
              <lines>
                <line number="542" hits="3"/>
              </lines>
            </method>
            <method name="mapRowsToChartData" hits="10" signature="()V">
              <lines>
                <line number="572" hits="10"/>
              </lines>
            </method>
            <method name="(anonymous_14)" hits="17" signature="()V">
              <lines>
                <line number="577" hits="17"/>
              </lines>
            </method>
            <method name="getSeriesName" hits="10" signature="()V">
              <lines>
                <line number="586" hits="10"/>
              </lines>
            </method>
            <method name="buildChartSeriesItem" hits="7" signature="()V">
              <lines>
                <line number="605" hits="7"/>
              </lines>
            </method>
            <method name="analyzePanelDataLimit" hits="10" signature="()V">
              <lines>
                <line number="628" hits="10"/>
              </lines>
            </method>
          </methods>
          <lines>
            <line number="149" hits="1" branch="false"/>
            <line number="150" hits="0" branch="false"/>
            <line number="155" hits="0" branch="true" condition-coverage="0% (0/2)"/>
            <line number="156" hits="0" branch="true" condition-coverage="0% (0/4)"/>
            <line number="157" hits="0" branch="false"/>
            <line number="167" hits="1" branch="false"/>
            <line number="172" hits="0" branch="false"/>
            <line number="189" hits="4" branch="true" condition-coverage="50% (1/2)"/>
            <line number="190" hits="4" branch="true" condition-coverage="100% (2/2)"/>
            <line number="191" hits="2" branch="false"/>
            <line number="194" hits="2" branch="false"/>
            <line number="220" hits="2" branch="false"/>
            <line number="227" hits="2" branch="true" condition-coverage="100% (2/2)"/>
            <line number="239" hits="2" branch="false"/>
            <line number="241" hits="2" branch="true" condition-coverage="100% (2/2)"/>
            <line number="242" hits="1" branch="false"/>
            <line number="250" hits="1" branch="true" condition-coverage="75% (3/4)"/>
            <line number="254" hits="1" branch="false"/>
            <line number="293" hits="4" branch="false"/>
            <line number="300" hits="4" branch="false"/>
            <line number="306" hits="4" branch="false"/>
            <line number="314" hits="4" branch="false"/>
            <line number="315" hits="4" branch="false"/>
            <line number="316" hits="4" branch="false"/>
            <line number="318" hits="4" branch="false"/>
            <line number="319" hits="5" branch="false"/>
            <line number="320" hits="5" branch="false"/>
            <line number="330" hits="5" branch="false"/>
            <line number="332" hits="5" branch="false"/>
            <line number="333" hits="5" branch="true" condition-coverage="100% (2/2)"/>
            <line number="334" hits="2" branch="false"/>
            <line number="335" hits="2" branch="false"/>
            <line number="338" hits="5" branch="false"/>
            <line number="341" hits="4" branch="false"/>
            <line number="373" hits="7" branch="true" condition-coverage="100% (2/2)"/>
            <line number="374" hits="3" branch="false"/>
            <line number="384" hits="4" branch="false"/>
            <line number="399" hits="0" branch="true" condition-coverage="0% (0/4)"/>
            <line number="400" hits="0" branch="false"/>
            <line number="403" hits="0" branch="false"/>
            <line number="422" hits="4" branch="false"/>
            <line number="445" hits="4" branch="true" condition-coverage="50% (1/2)"/>
            <line number="446" hits="0" branch="false"/>
            <line number="449" hits="4" branch="false"/>
            <line number="473" hits="6" branch="true" condition-coverage="50% (1/2)"/>
            <line number="475" hits="6" branch="true" condition-coverage="100% (2/2)"/>
            <line number="476" hits="5" branch="false"/>
            <line number="482" hits="1" branch="false"/>
            <line number="510" hits="4" branch="false"/>
            <line number="528" hits="4" branch="false"/>
            <line number="550" hits="3" branch="false"/>
            <line number="564" hits="3" branch="false"/>
            <line number="573" hits="10" branch="true" condition-coverage="100% (4/4)"/>
            <line number="574" hits="2" branch="false"/>
            <line number="577" hits="17" branch="false"/>
            <line number="590" hits="10" branch="true" condition-coverage="100% (2/2)"/>
            <line number="591" hits="1" branch="false"/>
            <line number="594" hits="9" branch="true" condition-coverage="100% (2/2)"/>
            <line number="611" hits="7" branch="false"/>
            <line number="634" hits="10" branch="true" condition-coverage="100% (5/5)"/>
            <line number="635" hits="5" branch="false"/>
            <line number="641" hits="5" branch="false"/>
            <line number="642" hits="5" branch="false"/>
            <line number="643" hits="5" branch="true" condition-coverage="100% (2/2)"/>
            <line number="644" hits="5" branch="true" condition-coverage="100% (2/2)"/>
            <line number="648" hits="5" branch="false"/>
          </lines>
        </class>
        <class name="TagAnalyzerPanelInfoConversion.ts" filename="src\components\tagAnalyzer\utils\TagAnalyzerPanelInfoConversion.ts" line-rate="0" branch-rate="0">
          <methods>
            <method name="normalizeTagAnalyzerPanelInfo" hits="0" signature="()V">
              <lines>
                <line number="64" hits="0"/>
              </lines>
            </method>
            <method name="flattenTagAnalyzerPanelInfo" hits="0" signature="()V">
              <lines>
                <line number="131" hits="0"/>
              </lines>
            </method>
            <method name="normalizeNumericValue" hits="0" signature="()V">
              <lines>
                <line number="183" hits="0"/>
              </lines>
            </method>
            <method name="normalizeNumericRange" hits="0" signature="()V">
              <lines>
                <line number="191" hits="0"/>
              </lines>
            </method>
            <method name="normalizeLegacyYnValue" hits="0" signature="()V">
              <lines>
                <line number="201" hits="0"/>
              </lines>
            </method>
          </methods>
          <lines>
            <line number="67" hits="0" branch="false"/>
            <line number="69" hits="0" branch="false"/>
            <line number="134" hits="0" branch="false"/>
            <line number="184" hits="0" branch="true" condition-coverage="0% (0/4)"/>
            <line number="185" hits="0" branch="false"/>
            <line number="188" hits="0" branch="true" condition-coverage="0% (0/2)"/>
            <line number="195" hits="0" branch="false"/>
            <line number="202" hits="0" branch="false"/>
          </lines>
        </class>
      </classes>
    </package>
    <package name="components.tagAnalyzer.utils.legacy" line-rate="0.047599999999999996" branch-rate="0.0857">
      <classes>
        <class name="LegacyConversion.ts" filename="src\components\tagAnalyzer\utils\legacy\LegacyConversion.ts" line-rate="0.05" branch-rate="0.0909">
          <methods>
            <method name="getSourceTagName" hits="16" signature="()V">
              <lines>
                <line number="63" hits="16"/>
              </lines>
            </method>
            <method name="withNormalizedSourceTagName" hits="0" signature="()V">
              <lines>
                <line number="80" hits="0"/>
              </lines>
            </method>
            <method name="normalizeSourceTagNames" hits="0" signature="()V">
              <lines>
                <line number="97" hits="0"/>
              </lines>
            </method>
            <method name="(anonymous_3)" hits="0" signature="()V">
              <lines>
                <line number="100" hits="0"/>
              </lines>
            </method>
            <method name="normalizeLegacySeriesConfigs" hits="0" signature="()V">
              <lines>
                <line number="108" hits="0"/>
              </lines>
            </method>
            <method name="(anonymous_5)" hits="0" signature="()V">
              <lines>
                <line number="111" hits="0"/>
              </lines>
            </method>
            <method name="toLegacyTagNameItem" hits="0" signature="()V">
              <lines>
                <line number="125" hits="0"/>
              </lines>
            </method>
            <method name="toLegacyTagNameList" hits="0" signature="()V">
              <lines>
                <line number="141" hits="0"/>
              </lines>
            </method>
            <method name="(anonymous_8)" hits="0" signature="()V">
              <lines>
                <line number="144" hits="0"/>
              </lines>
            </method>
            <method name="toLegacySeriesConfigs" hits="0" signature="()V">
              <lines>
                <line number="152" hits="0"/>
              </lines>
            </method>
            <method name="(anonymous_10)" hits="0" signature="()V">
              <lines>
                <line number="155" hits="0"/>
              </lines>
            </method>
            <method name="normalizeLegacyBgnEndTimeRange" hits="0" signature="()V">
              <lines>
                <line number="169" hits="0"/>
              </lines>
            </method>
            <method name="normalizeLegacyChartSeries" hits="0" signature="()V">
              <lines>
                <line number="193" hits="0"/>
              </lines>
            </method>
            <method name="legacySeriesToChartPoints" hits="0" signature="()V">
              <lines>
                <line number="207" hits="0"/>
              </lines>
            </method>
            <method name="(anonymous_14)" hits="0" signature="()V">
              <lines>
                <line number="213" hits="0"/>
              </lines>
            </method>
            <method name="(anonymous_15)" hits="0" signature="()V">
              <lines>
                <line number="226" hits="0"/>
              </lines>
            </method>
            <method name="legacyMinMaxPairToRange" hits="0" signature="()V">
              <lines>
                <line number="235" hits="0"/>
              </lines>
            </method>
            <method name="legacyChartSeriesHasArrays" hits="0" signature="()V">
              <lines>
                <line number="249" hits="0"/>
              </lines>
            </method>
            <method name="legacyChartSeriesToRows" hits="0" signature="()V">
              <lines>
                <line number="258" hits="0"/>
              </lines>
            </method>
            <method name="(anonymous_19)" hits="0" signature="()V">
              <lines>
                <line number="259" hits="0"/>
              </lines>
            </method>
          </methods>
          <lines>
            <line number="64" hits="16" branch="true" condition-coverage="75% (3/4)"/>
            <line number="65" hits="16" branch="false"/>
            <line number="68" hits="0" branch="true" condition-coverage="0% (0/4)"/>
            <line number="69" hits="0" branch="false"/>
            <line number="72" hits="0" branch="false"/>
            <line number="83" hits="0" branch="false"/>
            <line number="84" hits="0" branch="false"/>
            <line number="86" hits="0" branch="false"/>
            <line number="100" hits="0" branch="false"/>
            <line number="111" hits="0" branch="false"/>
            <line number="112" hits="0" branch="false"/>
            <line number="113" hits="0" branch="false"/>
            <line number="128" hits="0" branch="false"/>
            <line number="130" hits="0" branch="false"/>
            <line number="144" hits="0" branch="false"/>
            <line number="155" hits="0" branch="false"/>
            <line number="156" hits="0" branch="false"/>
            <line number="157" hits="0" branch="false"/>
            <line number="172" hits="0" branch="true" condition-coverage="0% (0/2)"/>
            <line number="173" hits="0" branch="false"/>
            <line number="176" hits="0" branch="false"/>
            <line number="177" hits="0" branch="false"/>
            <line number="178" hits="0" branch="true" condition-coverage="0% (0/4)"/>
            <line number="179" hits="0" branch="false"/>
            <line number="182" hits="0" branch="false"/>
            <line number="197" hits="0" branch="false"/>
            <line number="210" hits="0" branch="false"/>
            <line number="212" hits="0" branch="true" condition-coverage="0% (0/4)"/>
            <line number="213" hits="0" branch="false"/>
            <line number="214" hits="0" branch="true" condition-coverage="0% (0/2)"/>
            <line number="215" hits="0" branch="false"/>
            <line number="221" hits="0" branch="false"/>
            <line number="225" hits="0" branch="true" condition-coverage="0% (0/2)"/>
            <line number="226" hits="0" branch="false"/>
            <line number="232" hits="0" branch="false"/>
            <line number="239" hits="0" branch="true" condition-coverage="0% (0/4)"/>
            <line number="240" hits="0" branch="false"/>
            <line number="243" hits="0" branch="false"/>
            <line number="252" hits="0" branch="false"/>
            <line number="259" hits="0" branch="false"/>
          </lines>
        </class>
        <class name="LegacyYn.ts" filename="src\components\tagAnalyzer\utils\legacy\LegacyYn.ts" line-rate="0" branch-rate="0">
          <methods>
            <method name="fromLegacyYn" hits="0" signature="()V">
              <lines>
                <line number="8" hits="0"/>
              </lines>
            </method>
            <method name="toLegacyYn" hits="0" signature="()V">
              <lines>
                <line number="17" hits="0"/>
              </lines>
            </method>
          </methods>
          <lines>
            <line number="9" hits="0" branch="false"/>
            <line number="18" hits="0" branch="true" condition-coverage="0% (0/2)"/>
          </lines>
        </class>
      </classes>
    </package>
    <package name="utils" line-rate="0.4661" branch-rate="0">
      <classes>
        <class name="bgnEndTimeRange.ts" filename="src\utils\bgnEndTimeRange.ts" line-rate="0.0625" branch-rate="0">
          <methods>
            <method name="(anonymous_0)" hits="0" signature="()V">
              <lines>
                <line number="16" hits="0"/>
              </lines>
            </method>
            <method name="(anonymous_1)" hits="0" signature="()V">
              <lines>
                <line number="29" hits="0"/>
              </lines>
            </method>
            <method name="(anonymous_2)" hits="0" signature="()V">
              <lines>
                <line number="32" hits="0"/>
              </lines>
            </method>
            <method name="(anonymous_3)" hits="0" signature="()V">
              <lines>
                <line number="36" hits="0"/>
              </lines>
            </method>
            <method name="(anonymous_4)" hits="0" signature="()V">
              <lines>
                <line number="36" hits="0"/>
              </lines>
            </method>
            <method name="(anonymous_5)" hits="0" signature="()V">
              <lines>
                <line number="37" hits="0"/>
              </lines>
            </method>
            <method name="(anonymous_6)" hits="0" signature="()V">
              <lines>
                <line number="37" hits="0"/>
              </lines>
            </method>
            <method name="(anonymous_7)" hits="0" signature="()V">
              <lines>
                <line number="54" hits="0"/>
              </lines>
            </method>
            <method name="(anonymous_8)" hits="0" signature="()V">
              <lines>
                <line number="68" hits="0"/>
              </lines>
            </method>
          </methods>
          <lines>
            <line number="16" hits="1" branch="false"/>
            <line number="17" hits="0" branch="true" condition-coverage="0% (0/2)"/>
            <line number="18" hits="0" branch="true" condition-coverage="0% (0/2)"/>
            <line number="20" hits="0" branch="false"/>
            <line number="27" hits="0" branch="true" condition-coverage="0% (0/6)"/>
            <line number="28" hits="0" branch="false"/>
            <line number="29" hits="0" branch="false"/>
            <line number="30" hits="0" branch="false"/>
            <line number="32" hits="0" branch="false"/>
            <line number="35" hits="0" branch="true" condition-coverage="0% (0/4)"/>
            <line number="36" hits="0" branch="false"/>
            <line number="37" hits="0" branch="false"/>
            <line number="39" hits="0" branch="false"/>
            <line number="40" hits="0" branch="false"/>
            <line number="41" hits="0" branch="false"/>
            <line number="42" hits="0" branch="false"/>
            <line number="44" hits="0" branch="false"/>
            <line number="45" hits="0" branch="false"/>
            <line number="54" hits="1" branch="false"/>
            <line number="55" hits="0" branch="false"/>
            <line number="56" hits="0" branch="false"/>
            <line number="57" hits="0" branch="true" condition-coverage="0% (0/2)"/>
            <line number="58" hits="0" branch="false"/>
            <line number="59" hits="0" branch="false"/>
            <line number="60" hits="0" branch="false"/>
            <line number="65" hits="0" branch="false"/>
            <line number="68" hits="1" branch="false"/>
            <line number="69" hits="0" branch="false"/>
            <line number="71" hits="0" branch="true" condition-coverage="0% (0/4)"/>
            <line number="73" hits="0" branch="true" condition-coverage="0% (0/2)"/>
            <line number="74" hits="0" branch="false"/>
            <line number="75" hits="0" branch="false"/>
            <line number="78" hits="0" branch="false"/>
            <line number="79" hits="0" branch="false"/>
            <line number="80" hits="0" branch="false"/>
            <line number="81" hits="0" branch="false"/>
            <line number="84" hits="0" branch="true" condition-coverage="0% (0/4)"/>
            <line number="85" hits="0" branch="false"/>
            <line number="89" hits="0" branch="false"/>
            <line number="93" hits="0" branch="true" condition-coverage="0% (0/4)"/>
            <line number="94" hits="0" branch="false"/>
            <line number="95" hits="0" branch="false"/>
            <line number="99" hits="0" branch="false"/>
            <line number="104" hits="0" branch="true" condition-coverage="0% (0/6)"/>
            <line number="105" hits="0" branch="false"/>
            <line number="110" hits="0" branch="true" condition-coverage="0% (0/2)"/>
            <line number="111" hits="0" branch="false"/>
            <line number="114" hits="0" branch="false"/>
          </lines>
        </class>
        <class name="constants.ts" filename="src\utils\constants.ts" line-rate="0.7428" branch-rate="0">
          <methods>
            <method name="(anonymous_0)" hits="0" signature="()V">
              <lines>
                <line number="505" hits="0"/>
              </lines>
            </method>
            <method name="(anonymous_1)" hits="0" signature="()V">
              <lines>
                <line number="537" hits="0"/>
              </lines>
            </method>
          </methods>
          <lines>
            <line number="3" hits="1" branch="false"/>
            <line number="4" hits="1" branch="false"/>
            <line number="5" hits="1" branch="false"/>
            <line number="6" hits="1" branch="false"/>
            <line number="7" hits="1" branch="false"/>
            <line number="8" hits="1" branch="false"/>
            <line number="9" hits="1" branch="false"/>
            <line number="10" hits="1" branch="false"/>
            <line number="11" hits="1" branch="false"/>
            <line number="12" hits="1" branch="false"/>
            <line number="13" hits="1" branch="false"/>
            <line number="14" hits="1" branch="false"/>
            <line number="15" hits="1" branch="false"/>
            <line number="16" hits="1" branch="false"/>
            <line number="17" hits="1" branch="false"/>
            <line number="19" hits="1" branch="false"/>
            <line number="50" hits="1" branch="false"/>
            <line number="102" hits="1" branch="false"/>
            <line number="209" hits="1" branch="false"/>
            <line number="299" hits="1" branch="false"/>
            <line number="309" hits="1" branch="false"/>
            <line number="340" hits="1" branch="false"/>
            <line number="412" hits="1" branch="false"/>
            <line number="414" hits="1" branch="false"/>
            <line number="415" hits="1" branch="false"/>
            <line number="416" hits="1" branch="false"/>
            <line number="417" hits="1" branch="false"/>
            <line number="419" hits="1" branch="false"/>
            <line number="420" hits="1" branch="false"/>
            <line number="422" hits="1" branch="false"/>
            <line number="423" hits="1" branch="false"/>
            <line number="425" hits="1" branch="false"/>
            <line number="444" hits="1" branch="false"/>
            <line number="445" hits="1" branch="false"/>
            <line number="449" hits="1" branch="false"/>
            <line number="463" hits="1" branch="false"/>
            <line number="479" hits="1" branch="false"/>
            <line number="495" hits="1" branch="false"/>
            <line number="497" hits="1" branch="false"/>
            <line number="498" hits="1" branch="false"/>
            <line number="499" hits="1" branch="false"/>
            <line number="500" hits="1" branch="false"/>
            <line number="501" hits="1" branch="false"/>
            <line number="502" hits="1" branch="false"/>
            <line number="503" hits="1" branch="false"/>
            <line number="505" hits="1" branch="false"/>
            <line number="507" hits="0" branch="false"/>
            <line number="511" hits="0" branch="true" condition-coverage="0% (0/2)"/>
            <line number="512" hits="0" branch="false"/>
            <line number="513" hits="0" branch="true" condition-coverage="0% (0/2)"/>
            <line number="514" hits="0" branch="true" condition-coverage="0% (0/4)"/>
            <line number="515" hits="0" branch="true" condition-coverage="0% (0/2)"/>
            <line number="516" hits="0" branch="false"/>
            <line number="518" hits="0" branch="false"/>
            <line number="524" hits="0" branch="false"/>
            <line number="537" hits="1" branch="false"/>
            <line number="538" hits="0" branch="false"/>
            <line number="539" hits="0" branch="true" condition-coverage="0% (0/2)"/>
            <line number="540" hits="0" branch="false"/>
            <line number="541" hits="0" branch="true" condition-coverage="0% (0/2)"/>
            <line number="542" hits="0" branch="true" condition-coverage="0% (0/4)"/>
            <line number="543" hits="0" branch="true" condition-coverage="0% (0/2)"/>
            <line number="544" hits="0" branch="false"/>
            <line number="546" hits="0" branch="false"/>
            <line number="552" hits="0" branch="false"/>
            <line number="564" hits="1" branch="false"/>
            <line number="565" hits="1" branch="false"/>
            <line number="568" hits="1" branch="false"/>
            <line number="571" hits="1" branch="false"/>
            <line number="572" hits="1" branch="false"/>
          </lines>
        </class>
      </classes>
    </package>
  </packages>
</coverage>
